  Base_Object.cpp
  Bullet_Object.cpp
  MainObject.cpp
D:\My_Coding\C++\visual studio code\GameDemo\GameDemo\MainObject.cpp(143,31): warning C4267: 'initializing': conversion from 'size_t' to 'int', possible loss of data
  Threat_Object.cpp
  main.cpp
D:\My_Coding\C++\visual studio code\GameDemo\GameDemo\main.cpp(47,28): warning C4244: '=': conversion from 'double' to 'int', possible loss of data
D:\My_Coding\C++\visual studio code\GameDemo\GameDemo\main.cpp(50,28): warning C4244: '=': conversion from 'double' to 'int', possible loss of data
D:\My_Coding\C++\visual studio code\GameDemo\GameDemo\main.cpp(52,28): warning C4244: '=': conversion from 'double' to 'int', possible loss of data
D:\My_Coding\C++\visual studio code\GameDemo\GameDemo\main.cpp(55,28): warning C4244: '=': conversion from 'double' to 'int', possible loss of data
D:\My_Coding\C++\visual studio code\GameDemo\GameDemo\main.cpp(57,28): warning C4244: '=': conversion from 'double' to 'int', possible loss of data
D:\My_Coding\C++\visual studio code\GameDemo\GameDemo\main.cpp(60,28): warning C4244: '=': conversion from 'double' to 'int', possible loss of data
D:\My_Coding\C++\visual studio code\GameDemo\GameDemo\main.cpp(62,28): warning C4244: '=': conversion from 'double' to 'int', possible loss of data
D:\My_Coding\C++\visual studio code\GameDemo\GameDemo\main.cpp(65,28): warning C4244: '=': conversion from 'double' to 'int', possible loss of data
D:\My_Coding\C++\visual studio code\GameDemo\GameDemo\main.cpp(67,28): warning C4244: '=': conversion from 'double' to 'int', possible loss of data
D:\My_Coding\C++\visual studio code\GameDemo\GameDemo\main.cpp(72,28): warning C4244: '=': conversion from 'double' to 'int', possible loss of data
D:\My_Coding\C++\visual studio code\GameDemo\GameDemo\main.cpp(75,27): warning C4244: '=': conversion from 'double' to 'int', possible loss of data
D:\My_Coding\C++\visual studio code\GameDemo\GameDemo\main.cpp(77,28): warning C4244: '=': conversion from 'double' to 'int', possible loss of data
D:\My_Coding\C++\visual studio code\GameDemo\GameDemo\main.cpp(80,28): warning C4244: '=': conversion from 'double' to 'int', possible loss of data
D:\My_Coding\C++\visual studio code\GameDemo\GameDemo\main.cpp(82,28): warning C4244: '=': conversion from 'double' to 'int', possible loss of data
D:\My_Coding\C++\visual studio code\GameDemo\GameDemo\main.cpp(85,28): warning C4244: '=': conversion from 'double' to 'int', possible loss of data
D:\My_Coding\C++\visual studio code\GameDemo\GameDemo\main.cpp(87,28): warning C4244: '=': conversion from 'double' to 'int', possible loss of data
D:\My_Coding\C++\visual studio code\GameDemo\GameDemo\main.cpp(90,28): warning C4244: '=': conversion from 'double' to 'int', possible loss of data
D:\My_Coding\C++\visual studio code\GameDemo\GameDemo\main.cpp(92,28): warning C4244: '=': conversion from 'double' to 'int', possible loss of data
  Generating Code...
  GameDemo.vcxproj -> D:\My_Coding\C++\visual studio code\GameDemo\x64\Debug\GameDemo.exe
